<?xml version="1.0" encoding="UTF-8"?>
<!-- Generated by org.testng.reporters.JUnitReportReporter -->
<testsuite hostname="DESKTOP-2K3DEDH" failures="0" tests="2" name="com.qa.test.DatabaseConnectivty" time="3.581" errors="0" timestamp="2021-01-09T21:44:02 IST" skipped="0">
  <testcase classname="com.qa.test.DatabaseConnectivty" name="test2" time="0.001"/>
  <system-out/>
  <testcase classname="com.qa.test.DatabaseConnectivty" name="DB" time="3.580"/>
  <system-out/>
</testsuite> <!-- com.qa.test.DatabaseConnectivty -->
