<?xml version="1.0" encoding="UTF-8"?>
<!-- Generated by org.testng.reporters.JUnitReportReporter -->
<testsuite hostname="DESKTOP-2K3DEDH" failures="0" tests="3" name="Dataprovider" time="0.006" errors="0" timestamp="2020-09-13T14:13:53 IST" skipped="0">
  <testcase classname="Dataprovider" name="LoginFun" time="0.004"/>
  <system-out/>
  <testcase classname="Dataprovider" name="LoginFun" time="0.001"/>
  <system-out/>
  <testcase classname="Dataprovider" name="LoginFun" time="0.001"/>
  <system-out/>
</testsuite> <!-- Dataprovider -->
