<?xml version="1.0" encoding="UTF-8"?>
<!-- Generated by org.testng.reporters.JUnitReportReporter -->
<testsuite hostname="DESKTOP-2K3DEDH" failures="0" tests="1" name="Sceenshot" time="6.762" errors="0" timestamp="2020-05-28T12:30:53 IST" skipped="0">
  <testcase classname="Sceenshot" name="testGuru99TakeScreenShot" time="6.762"/>
  <system-out/>
</testsuite> <!-- Sceenshot -->
