<?xml version="1.0" encoding="UTF-8"?>
<!-- Generated by org.testng.reporters.JUnitReportReporter -->
<testsuite hostname="DESKTOP-2K3DEDH" failures="0" tests="3" name="DataProvider_WriteExcel" time="0.007" errors="0" timestamp="2020-09-16T16:57:57 IST" skipped="0">
  <testcase classname="DataProvider_WriteExcel" name="LoginFun" time="0.005"/>
  <system-out/>
  <testcase classname="DataProvider_WriteExcel" name="LoginFun" time="0.001"/>
  <system-out/>
  <testcase classname="DataProvider_WriteExcel" name="LoginFun" time="0.001"/>
  <system-out/>
</testsuite> <!-- DataProvider_WriteExcel -->
