<?xml version="1.0" encoding="UTF-8"?>
<!-- Generated by org.testng.reporters.JUnitReportReporter -->
<testsuite hostname="DESKTOP-2K3DEDH" failures="0" tests="3" name="DataProvider_Excel" time="0.008" errors="0" timestamp="2020-09-15T12:11:40 IST" skipped="0">
  <testcase classname="DataProvider_Excel" name="LoginFun" time="0.001"/>
  <system-out/>
  <testcase classname="DataProvider_Excel" name="LoginFun" time="0.006"/>
  <system-out/>
  <testcase classname="DataProvider_Excel" name="LoginFun" time="0.001"/>
  <system-out/>
</testsuite> <!-- DataProvider_Excel -->
